[0m21:37:13.619446 [debug] [MainThread]: Sending event: {'category': 'dbt', 'action': 'invocation', 'label': 'start', 'context': [<snowplow_tracker.self_describing_json.SelfDescribingJson object at 0x000001D5E051E3F0>, <snowplow_tracker.self_describing_json.SelfDescribingJson object at 0x000001D5E051F3B0>, <snowplow_tracker.self_describing_json.SelfDescribingJson object at 0x000001D5E051FB00>]}


============================== 21:37:13.625974 | 1aac4968-2972-463b-baae-ed02b3e7c2ea ==============================
[0m21:37:13.625974 [info ] [MainThread]: Running with dbt=1.7.19
[0m21:37:13.626985 [debug] [MainThread]: running dbt with arguments {'printer_width': '80', 'indirect_selection': 'eager', 'log_cache_events': 'False', 'write_json': 'True', 'partial_parse': 'True', 'cache_selected_only': 'False', 'warn_error': 'None', 'version_check': 'True', 'debug': 'False', 'log_path': 'logs', 'fail_fast': 'False', 'profiles_dir': 'C:\\Users\\Arthur Coutinho\\.dbt', 'use_colors': 'True', 'use_experimental_parser': 'False', 'no_print': 'None', 'quiet': 'False', 'warn_error_options': 'WarnErrorOptions(include=[], exclude=[])', 'introspect': 'True', 'log_format': 'default', 'static_parser': 'True', 'target_path': 'None', 'invocation_command': 'dbt init', 'send_anonymous_usage_stats': 'True'}
[0m21:37:28.513575 [debug] [MainThread]: Starter project path: C:\Users\Arthur Coutinho\Desktop\Arthur Coutinho\dbt-core\dbt-exemplo\venv\Lib\site-packages\dbt\include\starter_project
[0m21:37:28.541665 [info ] [MainThread]: 
Your new dbt project "dbt_example" was created!

For more information on how to configure the profiles.yml file,
please consult the dbt documentation here:

  https://docs.getdbt.com/docs/configure-your-profile

One more thing:

Need help? Don't hesitate to reach out to us via GitHub issues or on Slack:

  https://community.getdbt.com/

Happy modeling!

[0m21:37:28.543665 [info ] [MainThread]: Setting up your profile.
[0m21:37:41.756358 [debug] [MainThread]: Command `dbt init` succeeded at 21:37:41.755358 after 28.25 seconds
[0m21:37:41.756358 [debug] [MainThread]: Sending event: {'category': 'dbt', 'action': 'invocation', 'label': 'end', 'context': [<snowplow_tracker.self_describing_json.SelfDescribingJson object at 0x000001D5E03697F0>, <snowplow_tracker.self_describing_json.SelfDescribingJson object at 0x000001D5DFA4D640>, <snowplow_tracker.self_describing_json.SelfDescribingJson object at 0x000001D5E057D580>]}
[0m21:37:41.757358 [debug] [MainThread]: Flushing usage events
[0m21:40:21.202913 [debug] [MainThread]: Sending event: {'category': 'dbt', 'action': 'invocation', 'label': 'start', 'context': [<snowplow_tracker.self_describing_json.SelfDescribingJson object at 0x0000017BB79E3710>, <snowplow_tracker.self_describing_json.SelfDescribingJson object at 0x0000017BB79E2EA0>, <snowplow_tracker.self_describing_json.SelfDescribingJson object at 0x0000017BB79E3D40>]}


============================== 21:40:21.206919 | 6f400e78-f79f-4e5f-8972-0a8df2b092ff ==============================
[0m21:40:21.206919 [info ] [MainThread]: Running with dbt=1.7.19
[0m21:40:21.207906 [debug] [MainThread]: running dbt with arguments {'printer_width': '80', 'indirect_selection': 'eager', 'write_json': 'True', 'log_cache_events': 'False', 'partial_parse': 'True', 'cache_selected_only': 'False', 'warn_error': 'None', 'fail_fast': 'False', 'version_check': 'True', 'log_path': 'logs', 'profiles_dir': 'C:\\Users\\Arthur Coutinho\\.dbt', 'debug': 'False', 'use_colors': 'True', 'use_experimental_parser': 'False', 'no_print': 'None', 'quiet': 'False', 'log_format': 'default', 'introspect': 'True', 'warn_error_options': 'WarnErrorOptions(include=[], exclude=[])', 'static_parser': 'True', 'target_path': 'None', 'invocation_command': 'dbt debug', 'send_anonymous_usage_stats': 'True'}
[0m21:40:21.208907 [info ] [MainThread]: dbt version: 1.7.19
[0m21:40:21.209908 [info ] [MainThread]: python version: 3.12.0
[0m21:40:21.209908 [info ] [MainThread]: python path: C:\Users\Arthur Coutinho\Desktop\Arthur Coutinho\dbt-core\dbt-exemplo\venv\Scripts\python.exe
[0m21:40:21.211156 [info ] [MainThread]: os info: Windows-11-10.0.22631-SP0
[0m21:40:21.288294 [info ] [MainThread]: Using profiles dir at C:\Users\Arthur Coutinho\.dbt
[0m21:40:21.288294 [info ] [MainThread]: Using profiles.yml file at C:\Users\Arthur Coutinho\.dbt\profiles.yml
[0m21:40:21.289800 [info ] [MainThread]: Using dbt_project.yml file at C:\Users\Arthur Coutinho\Desktop\Arthur Coutinho\dbt-core\dbt-exemplo\dbt_project.yml
[0m21:40:21.290808 [error] [MainThread]: Encountered an error:
Internal Error
  Profile should not be None if loading profile completed
[0m21:40:21.291804 [debug] [MainThread]: Command `dbt debug` failed at 21:40:21.291804 after 0.20 seconds
[0m21:40:21.292807 [debug] [MainThread]: Sending event: {'category': 'dbt', 'action': 'invocation', 'label': 'end', 'context': [<snowplow_tracker.self_describing_json.SelfDescribingJson object at 0x0000017BB79BB170>, <snowplow_tracker.self_describing_json.SelfDescribingJson object at 0x0000017BB7828710>, <snowplow_tracker.self_describing_json.SelfDescribingJson object at 0x0000017BB76716A0>]}
[0m21:40:21.293806 [debug] [MainThread]: Flushing usage events
